<?xml version="1.0" encoding="UTF-8"?>
<!-- Generated by org.testng.reporters.JUnitXMLReporter -->
<testsuite ignored="0" hostname="DESKTOP-QK4QCGL" failures="1" tests="1" name="Test" time="51.94" errors="0" timestamp="2022-11-21T23:03:05 IST">
  <testcase classname="theScore.TheScore" name="testCal" time="33.292">
    <failure type="java.lang.IllegalArgumentException" message="Illegal base64 character a">
      <![CDATA[java.lang.IllegalArgumentException: Illegal base64 character a
at java.base/java.util.Base64$Decoder.decode0(Base64.java:847)
at java.base/java.util.Base64$Decoder.decode(Base64.java:566)
at java.base/java.util.Base64$Decoder.decode(Base64.java:589)
at org.openqa.selenium.OutputType$2.convertFromBase64Png(OutputType.java:58)
at org.openqa.selenium.OutputType$2.convertFromBase64Png(OutputType.java:55)
at org.openqa.selenium.OutputType$3.convertFromBase64Png(OutputType.java:78)
at org.openqa.selenium.OutputType$3.convertFromBase64Png(OutputType.java:75)
at org.openqa.selenium.remote.RemoteWebDriver.getScreenshotAs(RemoteWebDriver.java:335)
at utilities.common.takeSnapShot(common.java:24)
at theScore.TheScore.testCal(TheScore.java:63)
at java.base/java.util.ArrayList.forEach(ArrayList.java:1511)
... Removed 27 stack frames]]>
    </failure>
  </testcase> <!-- testCal -->
</testsuite> <!-- Test -->
