<?xml version="1.0" encoding="UTF-8"?>
<testsuite xmlns:xsi="http://www.w3.org/2001/XMLSchema-instance" xsi:schemaLocation="https://maven.apache.org/surefire/maven-surefire-plugin/xsd/surefire-test-report.xsd" name="TestSuite" time="28.298" tests="3" errors="0" skipped="2" failures="1">
  <properties>
[...]
</properties>
  <testcase name="setUp" classname="theScore.TheScore" time="28.076">
    <failure message="Could not start a new session. Response code 500. Message: An unknown server-side error occurred while processing the command. Original error: Could not find a connected Android device in 20249ms. &#10;Host info: host: &apos;DESKTOP-QK4QCGL&apos;, ip: &apos;192.168.18.36&apos;&#10;Build info: version: &apos;4.6.0&apos;, revision: &apos;79f1c02ae20&apos;&#10;System info: os.name: &apos;Windows 10&apos;, os.arch: &apos;amd64&apos;, os.version: &apos;10.0&apos;, java.version: &apos;1.8.0_181&apos;&#10;Driver info: org.openqa.selenium.remote.RemoteWebDriver&#10;Command: [null, newSession {capabilities=[Capabilities {BROWSER_NAME: Android, VERSION: 12.0, appActivity: ui.MainActivity, appPackage: com.fivemobile.thescore, deviceName: vivo, platformName: ANDROID, setNativeWebScreenshot: true}], desiredCapabilities=Capabilities {BROWSER_NAME: Android, VERSION: 12.0, appActivity: ui.MainActivity, appPackage: com.fivemobile.thescore, deviceName: vivo, platformName: ANDROID, setNativeWebScreenshot: true}}]&#10;Capabilities {}" type="org.openqa.selenium.SessionNotCreatedException">org.openqa.selenium.SessionNotCreatedException: 
Could not start a new session. Response code 500. Message: An unknown server-side error occurred while processing the command. Original error: Could not find a connected Android device in 20249ms. 
Host info: host: 'DESKTOP-QK4QCGL', ip: '192.168.18.36'
Build info: version: '4.6.0', revision: '79f1c02ae20'
System info: os.name: 'Windows 10', os.arch: 'amd64', os.version: '10.0', java.version: '1.8.0_181'
Driver info: org.openqa.selenium.remote.RemoteWebDriver
Command: [null, newSession {capabilities=[Capabilities {BROWSER_NAME: Android, VERSION: 12.0, appActivity: ui.MainActivity, appPackage: com.fivemobile.thescore, deviceName: vivo, platformName: ANDROID, setNativeWebScreenshot: true}], desiredCapabilities=Capabilities {BROWSER_NAME: Android, VERSION: 12.0, appActivity: ui.MainActivity, appPackage: com.fivemobile.thescore, deviceName: vivo, platformName: ANDROID, setNativeWebScreenshot: true}}]
Capabilities {}
	at theScore.TheScore.setUp(TheScore.java:45)
</failure>
    <system-err><![CDATA[Nov 22, 2022 10:44:49 AM org.openqa.selenium.remote.tracing.opentelemetry.OpenTelemetryTracer createTracer
INFO: Using OpenTelemetry for tracing
SLF4J: Failed to load class "org.slf4j.impl.StaticLoggerBinder".
SLF4J: Defaulting to no-operation (NOP) logger implementation
SLF4J: See http://www.slf4j.org/codes.html#StaticLoggerBinder for further details.
Nov 22, 2022 10:44:50 AM org.openqa.selenium.remote.RemoteWebDriver checkNonW3CCapabilities
WARNING: Support for Legacy Capabilities is deprecated; You are sending the following invalid capabilities: [BROWSER_NAME, VERSION, appActivity, appPackage, deviceName, setNativeWebScreenshot]; Please update to W3C Syntax: https://www.selenium.dev/blog/2022/legacy-protocol-support/
]]></system-err>
  </testcase>
  <testcase name="testCal" classname="theScore.TheScore" time="0">
    <skipped/>
  </testcase>
  <testcase name="teardown" classname="theScore.TheScore" time="0">
    <skipped/>
  </testcase>
</testsuite>