<?xml version="1.0" encoding="UTF-8"?>
<testng-results ignored="0" total="1" passed="1" failed="0" skipped="0">
  <reporter-output>
    <line>
      <![CDATA[Leagues page is navigated]]>
    </line>
    <line>
      <![CDATA[NFL page is navigated]]>
    </line>
  </reporter-output>
  <suite started-at="2022-11-22T00:24:04 IST" name="Default suite" finished-at="2022-11-22T00:24:58 IST" duration-ms="54251">
    <groups>
    </groups>
    <test started-at="2022-11-22T00:24:04 IST" name="Default test" finished-at="2022-11-22T00:24:58 IST" duration-ms="54251">
      <class name="theScore.TheScore">
        <test-method is-config="true" signature="setUp()[pri:0, instance:theScore.TheScore@576d5deb]" started-at="2022-11-22T00:24:04 IST" name="setUp" finished-at="2022-11-22T00:24:23 IST" duration-ms="18772" status="PASS">
          <reporter-output>
          </reporter-output>
        </test-method> <!-- setUp -->
        <test-method signature="testCal()[pri:0, instance:theScore.TheScore@576d5deb]" started-at="2022-11-22T00:24:23 IST" name="testCal" finished-at="2022-11-22T00:24:57 IST" duration-ms="34360" status="PASS">
          <reporter-output>
            <line>
              <![CDATA[Leagues page is navigated]]>
            </line>
            <line>
              <![CDATA[NFL page is navigated]]>
            </line>
          </reporter-output>
        </test-method> <!-- testCal -->
        <test-method is-config="true" signature="teardown()[pri:0, instance:theScore.TheScore@576d5deb]" started-at="2022-11-22T00:24:57 IST" name="teardown" finished-at="2022-11-22T00:24:58 IST" duration-ms="1003" status="PASS">
          <reporter-output>
          </reporter-output>
        </test-method> <!-- teardown -->
      </class> <!-- theScore.TheScore -->
    </test> <!-- Default test -->
  </suite> <!-- Default suite -->
</testng-results>
